<?xml version="1.0" encoding="UTF-8"?>
<!-- Generated by org.testng.reporters.JUnitXMLReporter -->
<testsuite ignored="0" hostname="CFS-LP-0169" failures="0" tests="5" name="Default test" time="20.398" errors="0" timestamp="2024-02-05T22:53:29 IST">
  <testcase classname="tests.LoginTest" name="invalidIdValidPassword" time="1.252"/>
  <testcase classname="tests.LoginTest" name="invalidIdValidPassword2" time="1.275"/>
  <testcase classname="tests.LoginTest" name="invalidIdValidPassword3" time="1.13"/>
  <testcase classname="tests.LoginTest" name="validIdInvalidPassword" time="1.077"/>
  <testcase classname="tests.LoginTest" name="validIdValidPassword" time="1.189"/>
</testsuite> <!-- Default test -->
