<?xml version="1.0" encoding="UTF-8"?>
<!-- Generated by org.testng.reporters.JUnitXMLReporter -->
<testsuite ignored="0" hostname="CFS-LP-0169" failures="0" tests="6" name="Test2" time="0.013" errors="0" timestamp="2024-02-04T15:05:07 IST">
  <testcase classname="tests.LoginTest3" name="test03" time="0.001"/>
  <testcase classname="tests.LoginTest3" name="test01" time="0.006"/>
  <testcase classname="tests.LoginTest3" name="test02" time="0.007"/>
  <testcase classname="tests.LoginTest3" name="test05" time="0.004"/>
  <testcase classname="tests.LoginTest3" name="test04" time="0.002"/>
  <testcase classname="tests.LoginTest3" name="test06" time="0.004"/>
</testsuite> <!-- Test2 -->
