<?xml version="1.0" encoding="UTF-8"?>
<!-- Generated by org.testng.reporters.JUnitXMLReporter -->
<testsuite ignored="0" hostname="CFS-LP-0169" failures="0" tests="4" name="Test on Firefox Browser" time="14.538" errors="0" timestamp="2024-06-06T20:37:31 IST">
  <testcase classname="tests.LoginTest" name="validIdInvalidPassword" time="1.484"/>
  <testcase classname="tests.LoginTest" name="invalidIdValidPassword" time="1.534"/>
  <testcase classname="tests.LoginTest" name="validIdValidPassword" time="1.969"/>
  <testcase classname="tests.RegisterTest" name="registerAccountTest" time="2.521"/>
</testsuite> <!-- Test on Firefox Browser -->
