<?xml version="1.0" encoding="UTF-8"?>
<!-- Generated by org.testng.reporters.JUnitXMLReporter -->
<testsuite ignored="0" hostname="CFS-LP-0169" failures="0" tests="4" name="Test" time="11.7" errors="0" timestamp="2024-03-08T16:02:44 IST">
  <testcase classname="tests.LoginTest" name="validIdInvalidPassword" time="1.383"/>
  <testcase classname="tests.LoginTest" name="invalidIdValidPassword" time="1.507"/>
  <testcase classname="tests.LoginTest" name="validIdValidPassword" time="1.74"/>
  <testcase classname="tests.RegisterTest" name="registerAccountTest" time="2.388"/>
</testsuite> <!-- Test -->
