<?xml version="1.0" encoding="UTF-8"?>
<!-- Generated by org.testng.reporters.JUnitXMLReporter -->
<testsuite ignored="0" hostname="CFS-LP-0169" failures="0" tests="4" name="Test on Edge Browser" time="10.981" errors="0" timestamp="2024-06-06T20:37:42 IST">
  <testcase classname="tests.LoginTest" name="invalidIdValidPassword" time="1.752"/>
  <testcase classname="tests.LoginTest" name="validIdInvalidPassword" time="1.664"/>
  <testcase classname="tests.LoginTest" name="validIdValidPassword" time="1.563"/>
  <testcase classname="tests.RegisterTest" name="registerAccountTest" time="2.583"/>
</testsuite> <!-- Test on Edge Browser -->
