<?xml version="1.0" encoding="UTF-8"?>
<!-- Generated by org.testng.reporters.JUnitXMLReporter -->
<testsuite ignored="0" hostname="CFS-LP-0169" failures="0" tests="4" name="Test on Chrome Browser" time="16.948" errors="0" timestamp="2024-06-06T20:37:16 IST">
  <testcase classname="tests.LoginTest" name="validIdInvalidPassword" time="2.832"/>
  <testcase classname="tests.LoginTest" name="invalidIdValidPassword" time="2.924"/>
  <testcase classname="tests.LoginTest" name="validIdValidPassword" time="2.507"/>
  <testcase classname="tests.RegisterTest" name="registerAccountTest" time="4.784"/>
</testsuite> <!-- Test on Chrome Browser -->
