<?xml version="1.0" encoding="UTF-8"?>
<!-- Generated by org.testng.reporters.JUnitXMLReporter -->
<testsuite ignored="0" hostname="CFS-LP-0169" failures="0" tests="4" name="Test" time="46.127" errors="0" timestamp="2024-06-01T00:39:38 IST">
  <testcase classname="tests.LoginTest" name="validIdInvalidPassword" time="1.779"/>
  <testcase classname="tests.LoginTest" name="invalidIdValidPassword" time="2.183"/>
  <testcase classname="tests.LoginTest" name="validIdValidPassword" time="1.348"/>
  <testcase classname="tests.RegisterTest" name="registerAccountTest" time="2.132"/>
</testsuite> <!-- Test -->
