<?xml version="1.0" encoding="UTF-8"?>
<testng-results ignored="0" total="12" passed="12" failed="0" skipped="0">
  <reporter-output>
  </reporter-output>
  <suite started-at="2024-06-06T20:36:59 IST" name="Suite" finished-at="2024-06-06T20:37:42 IST" duration-ms="42552">
    <groups>
    </groups>
    <test started-at="2024-06-06T20:36:59 IST" name="Test on Chrome Browser" finished-at="2024-06-06T20:37:16 IST" duration-ms="16948">
      <class name="tests.LoginTest">
        <test-method is-config="true" signature="setUp(java.lang.String)[pri:0, instance:tests.LoginTest@2d2ffcb7]" started-at="2024-06-06T20:36:59 IST" name="setUp" finished-at="2024-06-06T20:37:05 IST" duration-ms="5725" status="PASS">
          <params>
            <param index="0">
              <value>
                <![CDATA[chrome]]>
              </value>
            </param>
          </params>
          <reporter-output>
          </reporter-output>
        </test-method> <!-- setUp -->
        <test-method is-config="true" signature="setUp(java.lang.String)[pri:0, instance:tests.LoginTest@2d2ffcb7]" started-at="2024-06-06T20:36:59 IST" name="setUp" finished-at="2024-06-06T20:37:05 IST" duration-ms="5617" status="PASS">
          <params>
            <param index="0">
              <value>
                <![CDATA[chrome]]>
              </value>
            </param>
          </params>
          <reporter-output>
          </reporter-output>
        </test-method> <!-- setUp -->
        <test-method signature="validIdInvalidPassword()[pri:0, instance:tests.LoginTest@2d2ffcb7]" started-at="2024-06-06T20:37:05 IST" name="validIdInvalidPassword" finished-at="2024-06-06T20:37:07 IST" duration-ms="2832" status="PASS">
          <reporter-output>
          </reporter-output>
        </test-method> <!-- validIdInvalidPassword -->
        <test-method signature="invalidIdValidPassword()[pri:0, instance:tests.LoginTest@2d2ffcb7]" started-at="2024-06-06T20:37:05 IST" name="invalidIdValidPassword" finished-at="2024-06-06T20:37:08 IST" duration-ms="2924" status="PASS">
          <reporter-output>
          </reporter-output>
        </test-method> <!-- invalidIdValidPassword -->
        <test-method is-config="true" signature="tearDown()[pri:0, instance:tests.LoginTest@2d2ffcb7]" started-at="2024-06-06T20:37:08 IST" name="tearDown" finished-at="2024-06-06T20:37:08 IST" duration-ms="127" status="PASS">
          <reporter-output>
          </reporter-output>
        </test-method> <!-- tearDown -->
        <test-method is-config="true" signature="setUp(java.lang.String)[pri:0, instance:tests.LoginTest@2d2ffcb7]" started-at="2024-06-06T20:37:08 IST" name="setUp" finished-at="2024-06-06T20:37:11 IST" duration-ms="2631" status="PASS">
          <params>
            <param index="0">
              <value>
                <![CDATA[chrome]]>
              </value>
            </param>
          </params>
          <reporter-output>
          </reporter-output>
        </test-method> <!-- setUp -->
        <test-method is-config="true" signature="tearDown()[pri:0, instance:tests.LoginTest@2d2ffcb7]" started-at="2024-06-06T20:37:08 IST" name="tearDown" finished-at="2024-06-06T20:37:08 IST" duration-ms="153" status="PASS">
          <reporter-output>
          </reporter-output>
        </test-method> <!-- tearDown -->
        <test-method signature="validIdValidPassword()[pri:0, instance:tests.LoginTest@2d2ffcb7]" started-at="2024-06-06T20:37:11 IST" name="validIdValidPassword" finished-at="2024-06-06T20:37:13 IST" duration-ms="2507" status="PASS">
          <reporter-output>
          </reporter-output>
        </test-method> <!-- validIdValidPassword -->
        <test-method is-config="true" signature="tearDown()[pri:0, instance:tests.LoginTest@2d2ffcb7]" started-at="2024-06-06T20:37:13 IST" name="tearDown" finished-at="2024-06-06T20:37:13 IST" duration-ms="132" status="PASS">
          <reporter-output>
          </reporter-output>
        </test-method> <!-- tearDown -->
      </class> <!-- tests.LoginTest -->
      <class name="tests.RegisterTest">
        <test-method is-config="true" signature="setUp(java.lang.String)[pri:0, instance:tests.RegisterTest@568ff82]" started-at="2024-06-06T20:37:08 IST" name="setUp" finished-at="2024-06-06T20:37:11 IST" duration-ms="2673" status="PASS">
          <params>
            <param index="0">
              <value>
                <![CDATA[chrome]]>
              </value>
            </param>
          </params>
          <reporter-output>
          </reporter-output>
        </test-method> <!-- setUp -->
        <test-method signature="registerAccountTest()[pri:0, instance:tests.RegisterTest@568ff82]" started-at="2024-06-06T20:37:11 IST" name="registerAccountTest" finished-at="2024-06-06T20:37:16 IST" duration-ms="4784" status="PASS">
          <reporter-output>
          </reporter-output>
        </test-method> <!-- registerAccountTest -->
        <test-method is-config="true" signature="tearDown()[pri:0, instance:tests.RegisterTest@568ff82]" started-at="2024-06-06T20:37:16 IST" name="tearDown" finished-at="2024-06-06T20:37:16 IST" duration-ms="154" status="PASS">
          <reporter-output>
          </reporter-output>
        </test-method> <!-- tearDown -->
      </class> <!-- tests.RegisterTest -->
    </test> <!-- Test on Chrome Browser -->
    <test started-at="2024-06-06T20:37:16 IST" name="Test on Firefox Browser" finished-at="2024-06-06T20:37:31 IST" duration-ms="14538">
      <class name="tests.LoginTest">
        <test-method is-config="true" signature="setUp(java.lang.String)[pri:0, instance:tests.LoginTest@6a370f4]" started-at="2024-06-06T20:37:16 IST" name="setUp" finished-at="2024-06-06T20:37:20 IST" duration-ms="4442" status="PASS">
          <params>
            <param index="0">
              <value>
                <![CDATA[firefox]]>
              </value>
            </param>
          </params>
          <reporter-output>
          </reporter-output>
        </test-method> <!-- setUp -->
        <test-method is-config="true" signature="setUp(java.lang.String)[pri:0, instance:tests.LoginTest@6a370f4]" started-at="2024-06-06T20:37:16 IST" name="setUp" finished-at="2024-06-06T20:37:20 IST" duration-ms="4492" status="PASS">
          <params>
            <param index="0">
              <value>
                <![CDATA[firefox]]>
              </value>
            </param>
          </params>
          <reporter-output>
          </reporter-output>
        </test-method> <!-- setUp -->
        <test-method signature="validIdInvalidPassword()[pri:0, instance:tests.LoginTest@6a370f4]" started-at="2024-06-06T20:37:20 IST" name="validIdInvalidPassword" finished-at="2024-06-06T20:37:22 IST" duration-ms="1484" status="PASS">
          <reporter-output>
          </reporter-output>
        </test-method> <!-- validIdInvalidPassword -->
        <test-method signature="invalidIdValidPassword()[pri:0, instance:tests.LoginTest@6a370f4]" started-at="2024-06-06T20:37:20 IST" name="invalidIdValidPassword" finished-at="2024-06-06T20:37:22 IST" duration-ms="1534" status="PASS">
          <reporter-output>
          </reporter-output>
        </test-method> <!-- invalidIdValidPassword -->
        <test-method is-config="true" signature="tearDown()[pri:0, instance:tests.LoginTest@6a370f4]" started-at="2024-06-06T20:37:22 IST" name="tearDown" finished-at="2024-06-06T20:37:23 IST" duration-ms="941" status="PASS">
          <reporter-output>
          </reporter-output>
        </test-method> <!-- tearDown -->
        <test-method is-config="true" signature="tearDown()[pri:0, instance:tests.LoginTest@6a370f4]" started-at="2024-06-06T20:37:22 IST" name="tearDown" finished-at="2024-06-06T20:37:23 IST" duration-ms="933" status="PASS">
          <reporter-output>
          </reporter-output>
        </test-method> <!-- tearDown -->
        <test-method is-config="true" signature="setUp(java.lang.String)[pri:0, instance:tests.LoginTest@6a370f4]" started-at="2024-06-06T20:37:23 IST" name="setUp" finished-at="2024-06-06T20:37:27 IST" duration-ms="3628" status="PASS">
          <params>
            <param index="0">
              <value>
                <![CDATA[firefox]]>
              </value>
            </param>
          </params>
          <reporter-output>
          </reporter-output>
        </test-method> <!-- setUp -->
        <test-method signature="validIdValidPassword()[pri:0, instance:tests.LoginTest@6a370f4]" started-at="2024-06-06T20:37:27 IST" name="validIdValidPassword" finished-at="2024-06-06T20:37:29 IST" duration-ms="1969" status="PASS">
          <reporter-output>
          </reporter-output>
        </test-method> <!-- validIdValidPassword -->
        <test-method is-config="true" signature="tearDown()[pri:0, instance:tests.LoginTest@6a370f4]" started-at="2024-06-06T20:37:29 IST" name="tearDown" finished-at="2024-06-06T20:37:29 IST" duration-ms="894" status="PASS">
          <reporter-output>
          </reporter-output>
        </test-method> <!-- tearDown -->
      </class> <!-- tests.LoginTest -->
      <class name="tests.RegisterTest">
        <test-method is-config="true" signature="setUp(java.lang.String)[pri:0, instance:tests.RegisterTest@2abf4075]" started-at="2024-06-06T20:37:23 IST" name="setUp" finished-at="2024-06-06T20:37:27 IST" duration-ms="4022" status="PASS">
          <params>
            <param index="0">
              <value>
                <![CDATA[firefox]]>
              </value>
            </param>
          </params>
          <reporter-output>
          </reporter-output>
        </test-method> <!-- setUp -->
        <test-method signature="registerAccountTest()[pri:0, instance:tests.RegisterTest@2abf4075]" started-at="2024-06-06T20:37:27 IST" name="registerAccountTest" finished-at="2024-06-06T20:37:30 IST" duration-ms="2521" status="PASS">
          <reporter-output>
          </reporter-output>
        </test-method> <!-- registerAccountTest -->
        <test-method is-config="true" signature="tearDown()[pri:0, instance:tests.RegisterTest@2abf4075]" started-at="2024-06-06T20:37:30 IST" name="tearDown" finished-at="2024-06-06T20:37:31 IST" duration-ms="876" status="PASS">
          <reporter-output>
          </reporter-output>
        </test-method> <!-- tearDown -->
      </class> <!-- tests.RegisterTest -->
    </test> <!-- Test on Firefox Browser -->
    <test started-at="2024-06-06T20:37:31 IST" name="Test on Edge Browser" finished-at="2024-06-06T20:37:42 IST" duration-ms="10981">
      <class name="tests.LoginTest">
        <test-method is-config="true" signature="setUp(java.lang.String)[pri:0, instance:tests.LoginTest@4cc8eb05]" started-at="2024-06-06T20:37:31 IST" name="setUp" finished-at="2024-06-06T20:37:33 IST" duration-ms="2113" status="PASS">
          <params>
            <param index="0">
              <value>
                <![CDATA[edge]]>
              </value>
            </param>
          </params>
          <reporter-output>
          </reporter-output>
        </test-method> <!-- setUp -->
        <test-method is-config="true" signature="setUp(java.lang.String)[pri:0, instance:tests.LoginTest@4cc8eb05]" started-at="2024-06-06T20:37:31 IST" name="setUp" finished-at="2024-06-06T20:37:33 IST" duration-ms="2199" status="PASS">
          <params>
            <param index="0">
              <value>
                <![CDATA[edge]]>
              </value>
            </param>
          </params>
          <reporter-output>
          </reporter-output>
        </test-method> <!-- setUp -->
        <test-method signature="invalidIdValidPassword()[pri:0, instance:tests.LoginTest@4cc8eb05]" started-at="2024-06-06T20:37:33 IST" name="invalidIdValidPassword" finished-at="2024-06-06T20:37:34 IST" duration-ms="1752" status="PASS">
          <reporter-output>
          </reporter-output>
        </test-method> <!-- invalidIdValidPassword -->
        <test-method signature="validIdInvalidPassword()[pri:0, instance:tests.LoginTest@4cc8eb05]" started-at="2024-06-06T20:37:33 IST" name="validIdInvalidPassword" finished-at="2024-06-06T20:37:34 IST" duration-ms="1664" status="PASS">
          <reporter-output>
          </reporter-output>
        </test-method> <!-- validIdInvalidPassword -->
        <test-method is-config="true" signature="tearDown()[pri:0, instance:tests.LoginTest@4cc8eb05]" started-at="2024-06-06T20:37:35 IST" name="tearDown" finished-at="2024-06-06T20:37:36 IST" duration-ms="1097" status="PASS">
          <reporter-output>
          </reporter-output>
        </test-method> <!-- tearDown -->
        <test-method is-config="true" signature="tearDown()[pri:0, instance:tests.LoginTest@4cc8eb05]" started-at="2024-06-06T20:37:35 IST" name="tearDown" finished-at="2024-06-06T20:37:36 IST" duration-ms="1144" status="PASS">
          <reporter-output>
          </reporter-output>
        </test-method> <!-- tearDown -->
        <test-method is-config="true" signature="setUp(java.lang.String)[pri:0, instance:tests.LoginTest@4cc8eb05]" started-at="2024-06-06T20:37:36 IST" name="setUp" finished-at="2024-06-06T20:37:38 IST" duration-ms="1955" status="PASS">
          <params>
            <param index="0">
              <value>
                <![CDATA[edge]]>
              </value>
            </param>
          </params>
          <reporter-output>
          </reporter-output>
        </test-method> <!-- setUp -->
        <test-method signature="validIdValidPassword()[pri:0, instance:tests.LoginTest@4cc8eb05]" started-at="2024-06-06T20:37:38 IST" name="validIdValidPassword" finished-at="2024-06-06T20:37:39 IST" duration-ms="1563" status="PASS">
          <reporter-output>
          </reporter-output>
        </test-method> <!-- validIdValidPassword -->
        <test-method is-config="true" signature="tearDown()[pri:0, instance:tests.LoginTest@4cc8eb05]" started-at="2024-06-06T20:37:39 IST" name="tearDown" finished-at="2024-06-06T20:37:40 IST" duration-ms="1082" status="PASS">
          <reporter-output>
          </reporter-output>
        </test-method> <!-- tearDown -->
      </class> <!-- tests.LoginTest -->
      <class name="tests.RegisterTest">
        <test-method is-config="true" signature="setUp(java.lang.String)[pri:0, instance:tests.RegisterTest@51f116b8]" started-at="2024-06-06T20:37:36 IST" name="setUp" finished-at="2024-06-06T20:37:38 IST" duration-ms="1940" status="PASS">
          <params>
            <param index="0">
              <value>
                <![CDATA[edge]]>
              </value>
            </param>
          </params>
          <reporter-output>
          </reporter-output>
        </test-method> <!-- setUp -->
        <test-method signature="registerAccountTest()[pri:0, instance:tests.RegisterTest@51f116b8]" started-at="2024-06-06T20:37:38 IST" name="registerAccountTest" finished-at="2024-06-06T20:37:40 IST" duration-ms="2583" status="PASS">
          <reporter-output>
          </reporter-output>
        </test-method> <!-- registerAccountTest -->
        <test-method is-config="true" signature="tearDown()[pri:0, instance:tests.RegisterTest@51f116b8]" started-at="2024-06-06T20:37:40 IST" name="tearDown" finished-at="2024-06-06T20:37:41 IST" duration-ms="1105" status="PASS">
          <reporter-output>
          </reporter-output>
        </test-method> <!-- tearDown -->
      </class> <!-- tests.RegisterTest -->
    </test> <!-- Test on Edge Browser -->
  </suite> <!-- Suite -->
</testng-results>
