<?xml version="1.0" encoding="UTF-8"?>
<testng-results ignored="0" total="2" passed="2" failed="0" skipped="0">
  <reporter-output>
  </reporter-output>
  <suite started-at="2024-06-01T00:41:45 IST" name="Default suite" finished-at="2024-06-01T00:41:46 IST" duration-ms="663">
    <groups>
    </groups>
    <test started-at="2024-06-01T00:41:45 IST" name="Default test" finished-at="2024-06-01T00:41:46 IST" duration-ms="663">
      <class name="dataextracter.ExcelDataExtractor">
        <test-method signature="test(java.util.HashMap)[pri:0, instance:dataextracter.ExcelDataExtractor@2a3b5b47]" started-at="2024-06-01T00:41:46 IST" name="test" data-provider="excelLoginTestDataExtractor" finished-at="2024-06-01T00:41:46 IST" duration-ms="10" status="PASS">
          <params>
            <param index="0">
              <value>
                <![CDATA[{password=Lok999@#/, username=lokesh}]]>
              </value>
            </param>
          </params>
          <reporter-output>
          </reporter-output>
        </test-method> <!-- test -->
        <test-method signature="test(java.util.HashMap)[pri:0, instance:dataextracter.ExcelDataExtractor@2a3b5b47]" started-at="2024-06-01T00:41:46 IST" name="test" data-provider="excelLoginTestDataExtractor" finished-at="2024-06-01T00:41:46 IST" duration-ms="2" status="PASS">
          <params>
            <param index="0">
              <value>
                <![CDATA[{password=Yog999@#/, username=yogesh}]]>
              </value>
            </param>
          </params>
          <reporter-output>
          </reporter-output>
        </test-method> <!-- test -->
      </class> <!-- dataextracter.ExcelDataExtractor -->
    </test> <!-- Default test -->
  </suite> <!-- Default suite -->
</testng-results>
